[DEBUG] 2019-09-07 20:00:22.021 org.springframework.boot.devtools.settings.DevToolsSettings 114 load - Included patterns for restart : []
[DEBUG] 2019-09-07 20:00:22.022 org.springframework.boot.devtools.settings.DevToolsSettings 116 load - Excluded patterns for restart : [/spring-boot-actuator/target/classes/, /spring-boot-devtools/target/classes/, /spring-boot/target/classes/, /spring-boot-starter-[\w-]+/, /spring-boot-autoconfigure/target/classes/, /spring-boot-starter/target/classes/]
[DEBUG] 2019-09-07 20:00:22.022 org.springframework.boot.devtools.restart.ChangeableUrls 63 <init> - Matching URLs for reloading : [file:/D:/work/eclipse/gitResposity/iot_equipment_new/target/classes/]
[DEBUG] 2019-09-07 20:00:22.128 org.springframework.boot.logging.DeferredLog$Line 172 replayTo - Creating new Restarter for thread Thread[main,5,main]
[DEBUG] 2019-09-07 20:00:22.129 org.springframework.boot.logging.DeferredLog$Line 172 replayTo - Immediately restarting application
[DEBUG] 2019-09-07 20:00:22.129 org.springframework.boot.logging.DeferredLog$Line 172 replayTo - Created RestartClassLoader org.springframework.boot.devtools.restart.classloader.RestartClassLoader@332a1d5c
[DEBUG] 2019-09-07 20:00:22.129 org.springframework.boot.logging.DeferredLog$Line 172 replayTo - Starting application cn.soa.IotEquipmentApplication with URLs [file:/D:/work/eclipse/gitResposity/iot_equipment_new/target/classes/]
[DEBUG] 2019-09-07 20:00:22.130 org.springframework.boot.context.logging.ClasspathLoggingApplicationListener 56 onApplicationEvent - Application failed to start with classpath: [file:/D:/work/eclipse/gitResposity/iot_equipment_new/target/classes/]
[DEBUG] 2019-09-07 20:00:22.194 org.hibernate.validator.messageinterpolation.ResourceBundleMessageInterpolator 89 buildExpressionFactory - Loaded expression factory via original TCCL
[DEBUG] 2019-09-07 20:00:22.197 org.hibernate.validator.internal.engine.ValidatorFactoryImpl 578 logValidatorFactoryScopedConfiguration - HV000234: Using org.hibernate.validator.messageinterpolation.ResourceBundleMessageInterpolator as ValidatorFactory-scoped message interpolator.
[DEBUG] 2019-09-07 20:00:22.197 org.hibernate.validator.internal.engine.ValidatorFactoryImpl 579 logValidatorFactoryScopedConfiguration - HV000234: Using org.hibernate.validator.internal.engine.resolver.JPATraversableResolver as ValidatorFactory-scoped traversable resolver.
[DEBUG] 2019-09-07 20:00:22.197 org.hibernate.validator.internal.engine.ValidatorFactoryImpl 580 logValidatorFactoryScopedConfiguration - HV000234: Using org.hibernate.validator.internal.util.ExecutableParameterNameProvider as ValidatorFactory-scoped parameter name provider.
[DEBUG] 2019-09-07 20:00:22.197 org.hibernate.validator.internal.engine.ValidatorFactoryImpl 581 logValidatorFactoryScopedConfiguration - HV000234: Using org.hibernate.validator.internal.engine.DefaultClockProvider as ValidatorFactory-scoped clock provider.
[DEBUG] 2019-09-07 20:00:22.197 org.hibernate.validator.internal.engine.ValidatorFactoryImpl 582 logValidatorFactoryScopedConfiguration - HV000234: Using org.hibernate.validator.internal.engine.scripting.DefaultScriptEvaluatorFactory as ValidatorFactory-scoped script evaluator factory.
[ERROR] 2019-09-07 20:00:22.315 org.springframework.boot.SpringApplication 837 reportFailure - Application run failed
java.lang.NoSuchMethodError: org.apache.logging.log4j.core.config.ConfigurationFactory.getConfiguration(Lorg/apache/logging/log4j/core/LoggerContext;Lorg/apache/logging/log4j/core/config/ConfigurationSource;)Lorg/apache/logging/log4j/core/config/Configuration;
	at org.springframework.boot.logging.log4j2.Log4J2LoggingSystem.loadConfiguration(Log4J2LoggingSystem.java:175) ~[spring-boot-2.0.8.RELEASE.jar:2.0.8.RELEASE]
	at org.springframework.boot.logging.log4j2.Log4J2LoggingSystem.loadDefaults(Log4J2LoggingSystem.java:158) ~[spring-boot-2.0.8.RELEASE.jar:2.0.8.RELEASE]
	at org.springframework.boot.logging.AbstractLoggingSystem.initializeWithConventions(AbstractLoggingSystem.java:85) ~[spring-boot-2.0.8.RELEASE.jar:2.0.8.RELEASE]
	at org.springframework.boot.logging.AbstractLoggingSystem.initialize(AbstractLoggingSystem.java:60) ~[spring-boot-2.0.8.RELEASE.jar:2.0.8.RELEASE]
	at org.springframework.boot.logging.log4j2.Log4J2LoggingSystem.initialize(Log4J2LoggingSystem.java:147) ~[spring-boot-2.0.8.RELEASE.jar:2.0.8.RELEASE]
	at org.springframework.boot.context.logging.LoggingApplicationListener.initializeSystem(LoggingApplicationListener.java:264) ~[spring-boot-2.0.8.RELEASE.jar:2.0.8.RELEASE]
	at org.springframework.boot.context.logging.LoggingApplicationListener.initialize(LoggingApplicationListener.java:237) ~[spring-boot-2.0.8.RELEASE.jar:2.0.8.RELEASE]
	at org.springframework.boot.context.logging.LoggingApplicationListener.onApplicationEnvironmentPreparedEvent(LoggingApplicationListener.java:200) ~[spring-boot-2.0.8.RELEASE.jar:2.0.8.RELEASE]
	at org.springframework.boot.context.logging.LoggingApplicationListener.onApplicationEvent(LoggingApplicationListener.java:173) ~[spring-boot-2.0.8.RELEASE.jar:2.0.8.RELEASE]
	at org.springframework.context.event.SimpleApplicationEventMulticaster.doInvokeListener(SimpleApplicationEventMulticaster.java:172) ~[spring-context-5.0.12.RELEASE.jar:5.0.12.RELEASE]
	at org.springframework.context.event.SimpleApplicationEventMulticaster.invokeListener(SimpleApplicationEventMulticaster.java:165) ~[spring-context-5.0.12.RELEASE.jar:5.0.12.RELEASE]
	at org.springframework.context.event.SimpleApplicationEventMulticaster.multicastEvent(SimpleApplicationEventMulticaster.java:139) ~[spring-context-5.0.12.RELEASE.jar:5.0.12.RELEASE]
	at org.springframework.context.event.SimpleApplicationEventMulticaster.multicastEvent(SimpleApplicationEventMulticaster.java:127) ~[spring-context-5.0.12.RELEASE.jar:5.0.12.RELEASE]
	at org.springframework.boot.context.event.EventPublishingRunListener.environmentPrepared(EventPublishingRunListener.java:74) ~[spring-boot-2.0.8.RELEASE.jar:2.0.8.RELEASE]
	at org.springframework.boot.SpringApplicationRunListeners.environmentPrepared(SpringApplicationRunListeners.java:54) ~[spring-boot-2.0.8.RELEASE.jar:2.0.8.RELEASE]
	at org.springframework.boot.SpringApplication.prepareEnvironment(SpringApplication.java:338) [spring-boot-2.0.8.RELEASE.jar:2.0.8.RELEASE]
	at org.springframework.boot.SpringApplication.run(SpringApplication.java:297) [spring-boot-2.0.8.RELEASE.jar:2.0.8.RELEASE]
	at org.springframework.boot.SpringApplication.run(SpringApplication.java:1242) [spring-boot-2.0.8.RELEASE.jar:2.0.8.RELEASE]
	at org.springframework.boot.SpringApplication.run(SpringApplication.java:1230) [spring-boot-2.0.8.RELEASE.jar:2.0.8.RELEASE]
	at cn.soa.IotEquipmentApplication.main(IotEquipmentApplication.java:15) [classes/:?]
	at sun.reflect.NativeMethodAccessorImpl.invoke0(Native Method) ~[?:1.8.0_45]
	at sun.reflect.NativeMethodAccessorImpl.invoke(NativeMethodAccessorImpl.java:62) ~[?:1.8.0_45]
	at sun.reflect.DelegatingMethodAccessorImpl.invoke(DelegatingMethodAccessorImpl.java:43) ~[?:1.8.0_45]
	at java.lang.reflect.Method.invoke(Method.java:497) ~[?:1.8.0_45]
	at org.springframework.boot.devtools.restart.RestartLauncher.run(RestartLauncher.java:49) [spring-boot-devtools-2.0.8.RELEASE.jar:2.0.8.RELEASE]
[DEBUG] 2019-09-07 20:01:33.206 org.springframework.boot.devtools.settings.DevToolsSettings 114 load - Included patterns for restart : []
[DEBUG] 2019-09-07 20:01:33.207 org.springframework.boot.devtools.settings.DevToolsSettings 116 load - Excluded patterns for restart : [/spring-boot-actuator/target/classes/, /spring-boot-devtools/target/classes/, /spring-boot/target/classes/, /spring-boot-starter-[\w-]+/, /spring-boot-autoconfigure/target/classes/, /spring-boot-starter/target/classes/]
[DEBUG] 2019-09-07 20:01:33.208 org.springframework.boot.devtools.restart.ChangeableUrls 63 <init> - Matching URLs for reloading : [file:/D:/work/eclipse/gitResposity/iot_equipment_new/target/classes/]
[DEBUG] 2019-09-07 20:01:33.307 org.springframework.boot.logging.DeferredLog$Line 172 replayTo - Creating new Restarter for thread Thread[main,5,main]
[DEBUG] 2019-09-07 20:01:33.307 org.springframework.boot.logging.DeferredLog$Line 172 replayTo - Immediately restarting application
[DEBUG] 2019-09-07 20:01:33.307 org.springframework.boot.logging.DeferredLog$Line 172 replayTo - Created RestartClassLoader org.springframework.boot.devtools.restart.classloader.RestartClassLoader@2354f4f4
[DEBUG] 2019-09-07 20:01:33.307 org.springframework.boot.logging.DeferredLog$Line 172 replayTo - Starting application cn.soa.IotEquipmentApplication with URLs [file:/D:/work/eclipse/gitResposity/iot_equipment_new/target/classes/]
[DEBUG] 2019-09-07 20:01:33.307 org.springframework.boot.context.logging.ClasspathLoggingApplicationListener 56 onApplicationEvent - Application failed to start with classpath: [file:/D:/work/eclipse/gitResposity/iot_equipment_new/target/classes/]
[DEBUG] 2019-09-07 20:01:33.375 org.hibernate.validator.messageinterpolation.ResourceBundleMessageInterpolator 89 buildExpressionFactory - Loaded expression factory via original TCCL
[DEBUG] 2019-09-07 20:01:33.378 org.hibernate.validator.internal.engine.ValidatorFactoryImpl 578 logValidatorFactoryScopedConfiguration - HV000234: Using org.hibernate.validator.messageinterpolation.ResourceBundleMessageInterpolator as ValidatorFactory-scoped message interpolator.
[DEBUG] 2019-09-07 20:01:33.378 org.hibernate.validator.internal.engine.ValidatorFactoryImpl 579 logValidatorFactoryScopedConfiguration - HV000234: Using org.hibernate.validator.internal.engine.resolver.JPATraversableResolver as ValidatorFactory-scoped traversable resolver.
[DEBUG] 2019-09-07 20:01:33.378 org.hibernate.validator.internal.engine.ValidatorFactoryImpl 580 logValidatorFactoryScopedConfiguration - HV000234: Using org.hibernate.validator.internal.util.ExecutableParameterNameProvider as ValidatorFactory-scoped parameter name provider.
[DEBUG] 2019-09-07 20:01:33.378 org.hibernate.validator.internal.engine.ValidatorFactoryImpl 581 logValidatorFactoryScopedConfiguration - HV000234: Using org.hibernate.validator.internal.engine.DefaultClockProvider as ValidatorFactory-scoped clock provider.
[DEBUG] 2019-09-07 20:01:33.378 org.hibernate.validator.internal.engine.ValidatorFactoryImpl 582 logValidatorFactoryScopedConfiguration - HV000234: Using org.hibernate.validator.internal.engine.scripting.DefaultScriptEvaluatorFactory as ValidatorFactory-scoped script evaluator factory.
[ERROR] 2019-09-07 20:01:33.521 org.springframework.boot.SpringApplication 837 reportFailure - Application run failed
java.lang.NoSuchMethodError: org.apache.logging.log4j.core.config.ConfigurationFactory.getConfiguration(Lorg/apache/logging/log4j/core/LoggerContext;Lorg/apache/logging/log4j/core/config/ConfigurationSource;)Lorg/apache/logging/log4j/core/config/Configuration;
	at org.springframework.boot.logging.log4j2.Log4J2LoggingSystem.loadConfiguration(Log4J2LoggingSystem.java:175) ~[spring-boot-2.0.8.RELEASE.jar:2.0.8.RELEASE]
	at org.springframework.boot.logging.log4j2.Log4J2LoggingSystem.loadDefaults(Log4J2LoggingSystem.java:158) ~[spring-boot-2.0.8.RELEASE.jar:2.0.8.RELEASE]
	at org.springframework.boot.logging.AbstractLoggingSystem.initializeWithConventions(AbstractLoggingSystem.java:85) ~[spring-boot-2.0.8.RELEASE.jar:2.0.8.RELEASE]
	at org.springframework.boot.logging.AbstractLoggingSystem.initialize(AbstractLoggingSystem.java:60) ~[spring-boot-2.0.8.RELEASE.jar:2.0.8.RELEASE]
	at org.springframework.boot.logging.log4j2.Log4J2LoggingSystem.initialize(Log4J2LoggingSystem.java:147) ~[spring-boot-2.0.8.RELEASE.jar:2.0.8.RELEASE]
	at org.springframework.boot.context.logging.LoggingApplicationListener.initializeSystem(LoggingApplicationListener.java:264) ~[spring-boot-2.0.8.RELEASE.jar:2.0.8.RELEASE]
	at org.springframework.boot.context.logging.LoggingApplicationListener.initialize(LoggingApplicationListener.java:237) ~[spring-boot-2.0.8.RELEASE.jar:2.0.8.RELEASE]
	at org.springframework.boot.context.logging.LoggingApplicationListener.onApplicationEnvironmentPreparedEvent(LoggingApplicationListener.java:200) ~[spring-boot-2.0.8.RELEASE.jar:2.0.8.RELEASE]
	at org.springframework.boot.context.logging.LoggingApplicationListener.onApplicationEvent(LoggingApplicationListener.java:173) ~[spring-boot-2.0.8.RELEASE.jar:2.0.8.RELEASE]
	at org.springframework.context.event.SimpleApplicationEventMulticaster.doInvokeListener(SimpleApplicationEventMulticaster.java:172) ~[spring-context-5.0.12.RELEASE.jar:5.0.12.RELEASE]
	at org.springframework.context.event.SimpleApplicationEventMulticaster.invokeListener(SimpleApplicationEventMulticaster.java:165) ~[spring-context-5.0.12.RELEASE.jar:5.0.12.RELEASE]
	at org.springframework.context.event.SimpleApplicationEventMulticaster.multicastEvent(SimpleApplicationEventMulticaster.java:139) ~[spring-context-5.0.12.RELEASE.jar:5.0.12.RELEASE]
	at org.springframework.context.event.SimpleApplicationEventMulticaster.multicastEvent(SimpleApplicationEventMulticaster.java:127) ~[spring-context-5.0.12.RELEASE.jar:5.0.12.RELEASE]
	at org.springframework.boot.context.event.EventPublishingRunListener.environmentPrepared(EventPublishingRunListener.java:74) ~[spring-boot-2.0.8.RELEASE.jar:2.0.8.RELEASE]
	at org.springframework.boot.SpringApplicationRunListeners.environmentPrepared(SpringApplicationRunListeners.java:54) ~[spring-boot-2.0.8.RELEASE.jar:2.0.8.RELEASE]
	at org.springframework.boot.SpringApplication.prepareEnvironment(SpringApplication.java:338) [spring-boot-2.0.8.RELEASE.jar:2.0.8.RELEASE]
	at org.springframework.boot.SpringApplication.run(SpringApplication.java:297) [spring-boot-2.0.8.RELEASE.jar:2.0.8.RELEASE]
	at org.springframework.boot.SpringApplication.run(SpringApplication.java:1242) [spring-boot-2.0.8.RELEASE.jar:2.0.8.RELEASE]
	at org.springframework.boot.SpringApplication.run(SpringApplication.java:1230) [spring-boot-2.0.8.RELEASE.jar:2.0.8.RELEASE]
	at cn.soa.IotEquipmentApplication.main(IotEquipmentApplication.java:15) [classes/:?]
	at sun.reflect.NativeMethodAccessorImpl.invoke0(Native Method) ~[?:1.8.0_45]
	at sun.reflect.NativeMethodAccessorImpl.invoke(NativeMethodAccessorImpl.java:62) ~[?:1.8.0_45]
	at sun.reflect.DelegatingMethodAccessorImpl.invoke(DelegatingMethodAccessorImpl.java:43) ~[?:1.8.0_45]
	at java.lang.reflect.Method.invoke(Method.java:497) ~[?:1.8.0_45]
	at org.springframework.boot.devtools.restart.RestartLauncher.run(RestartLauncher.java:49) [spring-boot-devtools-2.0.8.RELEASE.jar:2.0.8.RELEASE]
